<?xml version="1.0" encoding="UTF-8"?>
<!-- Generated by org.testng.reporters.JUnitReportReporter -->
<testsuite hostname="LAPTOP-HMLBATVJ" failures="0" tests="5" name="Testng.Invocation_count" time="18.891" errors="0" timestamp="2023-01-23T21:57:20 IST" skipped="0">
  <testcase classname="Testng.Invocation_count" name="broswer_launch" time="2.710"/>
  <system-out/>
  <testcase classname="Testng.Invocation_count" name="geturl" time="7.585"/>
  <system-out/>
  <testcase classname="Testng.Invocation_count" name="refresh" time="3.847"/>
  <system-out/>
  <testcase classname="Testng.Invocation_count" name="refresh" time="4.721"/>
  <system-out/>
  <testcase classname="Testng.Invocation_count" name="refresh" time="0.028"/>
  <system-out/>
</testsuite> <!-- Testng.Invocation_count -->
