<?xml version="1.0" encoding="UTF-8"?>
<!-- Generated by org.testng.reporters.JUnitReportReporter -->
<testsuite hostname="LAPTOP-HMLBATVJ" failures="0" tests="1" name="Testng.timeout" time="18.257" errors="0" timestamp="2023-01-24T00:17:44 IST" skipped="0">
  <testcase classname="Testng.timeout" name="time_Out" time="18.257"/>
  <system-out/>
</testsuite> <!-- Testng.timeout -->
