<?xml version="1.0" encoding="UTF-8"?>
<!-- Generated by org.testng.reporters.JUnitReportReporter -->
<testsuite hostname="LAPTOP-HMLBATVJ" failures="0" tests="3" name="Testng.parameterized" time="8.819" errors="0" timestamp="2023-01-23T22:49:13 IST" skipped="0">
  <testcase classname="Testng.parameterized" name="browser" time="2.280"/>
  <system-out/>
  <testcase classname="Testng.parameterized" name="geturl" time="5.772"/>
  <system-out/>
  <testcase classname="Testng.parameterized" name="credential" time="0.767"/>
  <system-out/>
</testsuite> <!-- Testng.parameterized -->
