<?xml version="1.0" encoding="UTF-8"?>
<!-- Generated by org.testng.reporters.JUnitReportReporter -->
<testsuite hostname="LAPTOP-HMLBATVJ" failures="0" tests="1" name="Testng.timeout" time="19.450" errors="0" timestamp="2023-01-24T13:20:02 IST" skipped="0">
  <testcase classname="Testng.timeout" name="time_Out" time="19.450"/>
  <system-out/>
</testsuite> <!-- Testng.timeout -->
