<?xml version="1.0" encoding="UTF-8"?>
<!-- Generated by org.testng.reporters.JUnitReportReporter -->
<testsuite hostname="LAPTOP-HMLBATVJ" failures="0" tests="5" name="Testng.dataprovider" time="16.539" errors="0" timestamp="2023-01-24T13:25:36 IST" skipped="0">
  <testcase classname="Testng.dataprovider" name="browser" time="2.242"/>
  <system-out/>
  <testcase classname="Testng.dataprovider" name="getubrl" time="10.878"/>
  <system-out/>
  <testcase classname="Testng.dataprovider" name="credential" time="1.153"/>
  <system-out/>
  <testcase classname="Testng.dataprovider" name="credential" time="1.483"/>
  <system-out/>
  <testcase classname="Testng.dataprovider" name="credential" time="0.783"/>
  <system-out/>
</testsuite> <!-- Testng.dataprovider -->
