<?xml version="1.0" encoding="UTF-8"?>
<!-- Generated by org.testng.reporters.JUnitReportReporter -->
<testsuite hostname="LAPTOP-HMLBATVJ" failures="0" tests="4" name="Testng.test" time="5.666" errors="0" timestamp="2023-01-24T00:20:56 IST" skipped="0">
  <testcase classname="Testng.test" name="broswer_launch" time="2.111"/>
  <system-out/>
  <testcase classname="Testng.test" name="geturl" time="3.405"/>
  <system-out/>
  <testcase classname="Testng.test" name="password" time="0.088"/>
  <system-out/>
  <testcase classname="Testng.test" name="click" time="0.062"/>
  <system-out/>
</testsuite> <!-- Testng.test -->
