<?xml version="1.0" encoding="UTF-8"?>
<!-- Generated by org.testng.reporters.JUnitReportReporter -->
<testsuite hostname="LAPTOP-HMLBATVJ" failures="0" tests="1" name="Testng.ExpectedException" time="0.008" errors="0" timestamp="2023-01-24T13:37:08 IST" skipped="0">
  <testcase classname="Testng.ExpectedException" name="div" time="0.008"/>
  <system-out/>
</testsuite> <!-- Testng.ExpectedException -->
