<?xml version="1.0" encoding="UTF-8"?>
<!-- Generated by org.testng.reporters.JUnitReportReporter -->
<testsuite hostname="LAPTOP-HMLBATVJ" failures="0" tests="5" name="Testng.dependancy" time="0.030" errors="0" timestamp="2023-01-23T13:10:40 IST" skipped="0">
  <testcase classname="Testng.dependancy" name="password" time="0.002"/>
  <system-out/>
  <testcase classname="Testng.dependancy" name="click" time="0.002"/>
  <system-out/>
  <testcase classname="Testng.dependancy" name="geturl" time="0.002"/>
  <system-out/>
  <testcase classname="Testng.dependancy" name="username" time="0.002"/>
  <system-out/>
  <testcase classname="Testng.dependancy" name="broswer_lanuch" time="0.022"/>
  <system-out/>
</testsuite> <!-- Testng.dependancy -->
