<?xml version="1.0" encoding="UTF-8"?>
<!-- Generated by org.testng.reporters.JUnitReportReporter -->
<testsuite hostname="LAPTOP-HMLBATVJ" failures="0" tests="5" name="Testng.dataprovider" time="10.422" errors="0" timestamp="2023-01-23T23:19:24 IST" skipped="0">
  <testcase classname="Testng.dataprovider" name="browser" time="2.758"/>
  <system-out/>
  <testcase classname="Testng.dataprovider" name="getubrl" time="5.037"/>
  <system-out/>
  <testcase classname="Testng.dataprovider" name="credential" time="0.925"/>
  <system-out/>
  <testcase classname="Testng.dataprovider" name="credential" time="0.749"/>
  <system-out/>
  <testcase classname="Testng.dataprovider" name="credential" time="0.953"/>
  <system-out/>
</testsuite> <!-- Testng.dataprovider -->
